D:\RAY\DOCUMENTS\WILDDOUGHNUT\DEBUG\WILDDOUGHNUT.EXE
D:\RAY\DOCUMENTS\WILDDOUGHNUT\DEBUG\WILDDOUGHNUT.PDB
D:\Ray\Documents\wildDoughnut\wildDoughnut\Debug\cl.command.1.tlog
D:\Ray\Documents\wildDoughnut\wildDoughnut\Debug\CL.read.1.tlog
D:\Ray\Documents\wildDoughnut\wildDoughnut\Debug\CL.write.1.tlog
D:\Ray\Documents\wildDoughnut\wildDoughnut\Debug\link.command.1.tlog
D:\Ray\Documents\wildDoughnut\wildDoughnut\Debug\link.read.1.tlog
D:\Ray\Documents\wildDoughnut\wildDoughnut\Debug\link.write.1.tlog
D:\RAY\DOCUMENTS\WILDDOUGHNUT\WILDDOUGHNUT\DEBUG\MAIN.OBJ
D:\Ray\Documents\wildDoughnut\wildDoughnut\Debug\mt.command.1.tlog
D:\Ray\Documents\wildDoughnut\wildDoughnut\Debug\mt.read.1.tlog
D:\Ray\Documents\wildDoughnut\wildDoughnut\Debug\mt.write.1.tlog
D:\Ray\Documents\wildDoughnut\wildDoughnut\Debug\rayTracer.cu.cache
D:\Ray\Documents\wildDoughnut\wildDoughnut\Debug\rayTracer.cu.obj
D:\Ray\Documents\wildDoughnut\wildDoughnut\Debug\vc100.idb
D:\RAY\DOCUMENTS\WILDDOUGHNUT\WILDDOUGHNUT\DEBUG\VC100.PDB
D:\Ray\Documents\wildDoughnut\wildDoughnut\Debug\vector.cu.cache
D:\Ray\Documents\wildDoughnut\wildDoughnut\Debug\vector.cu.obj
D:\RAY\DOCUMENTS\WILDDOUGHNUT\WILDDOUGHNUT\DEBUG\WILDDOUGHNUT.EXE.INTERMEDIATE.MANIFEST
D:\Ray\Documents\wildDoughnut\wildDoughnut\Debug\wildDoughnut.write.1.tlog
